<?xml version="1.0" encoding="UTF-8"?>
<!-- Generated by org.testng.reporters.JUnitReportReporter -->
<testsuite skipped="0" hostname="DESKTOP-5TDT29M" name="projectInvoiceNinja.Testcases" tests="2" failures="0" timestamp="2023-01-16T16:00:00 IST" time="300.254" errors="0">
  <testcase name="login" time="43.333" classname="projectInvoiceNinja.Testcases"/>
  <system-out/>
  <testcase name="searchforaproduct" time="256.921" classname="projectInvoiceNinja.Testcases"/>
  <system-out>
    <![CDATA[product was added to cart successfully
logout was successful]]>
  </system-out>
</testsuite> <!-- projectInvoiceNinja.Testcases -->
